[LOG] System::create                           : Header version = 1.10.04. Current version = 1.10.04.
[LOG] Manager::init                            : maxchannels = 256 studioflags = 00000006 flags 00000000 extradriverdata 0000000000000000.
[LOG] SystemI::init                            : Initialize version=11004 (93853), maxchannels=256, flags=0x00020000
[LOG] SystemI::setOutputInternal               : Setting output to 'FMOD WASAPI Output'
[LOG] OutputWASAPI::init                       : Mix Format (WAVEFORMATEX): wFormatTag=0xFFFE, nChannels=2, nSamplesPerSec=44100, nAvgBytesPerSec=352800, nBlockAlign=8, wBitsPerSample=32, cbSize=22.
[LOG] OutputWASAPI::init                       : Mix Format (WAVEFORMATEXTENSIBLE): wValidBitsPerSample=32, dwChannelMask=0x00000003, SubFormat=00000003-0000-0010-8000-00AA00389B71.
[LOG] OutputWASAPI::init                       : Output buffer size: 3760 samples, latency: 11.61ms, period: 10.00ms, DSP buffer: 1024 * 4
[WRN] SystemI::init                            : Output requires a sample rate of 44100Hz, resampling will occur.
[LOG] Thread::initThread                       : Init FMOD stream thread. Priority: 2, Stack Size: 65536, Semaphore: No, Sleep Time: 10, Looping: Yes.
[LOG] Thread::initThread                       : Init FMOD mixer thread. Priority: 3, Stack Size: 49152, Semaphore: No, Sleep Time: 0, Looping: Yes.
[LOG] AsyncManager::init                       : manager 0000000071BDD1B8 isAsync 0 updatePeriod 0.02
[LOG] AsyncManager::init                       : done
[LOG] PlaybackSystem::init                     : 
[LOG] Thread::initThread                       : Init FMOD Studio sample load thread. Priority: 0, Stack Size: 65536, Semaphore: No, Sleep Time: 1, Looping: No.
[LOG] PlaybackSystem::init                     : done
[LOG] Thread::initThread                       : Init FMOD Studio bank load thread. Priority: 0, Stack Size: 65536, Semaphore: No, Sleep Time: 1, Looping: No.
[LOG] Manager::init                            : done.
[LOG] Manager::readBank                        : fileversion = 100, compatVersion = 99 (oldest = 44, newest = 100)
[LOG] SystemI::createSoundInternal             : Create name='', mode=0x02000202
[LOG] SystemI::createSoundInternal             : exinfo->cbsize             = 232
[LOG] SystemI::createSoundInternal             : exinfo->length             = 2691296
[LOG] SystemI::createSoundInternal             : exinfo->fileoffset         = 34080
[LOG] SystemI::createSoundInternal             : exinfo->numsubsounds       = 1
[LOG] SystemI::createSoundInternal             : exinfo->inclusionlist      = 000000005AEAF5FC
[LOG] SystemI::createSoundInternal             : exinfo->inclusionlistnum   = 1
[LOG] SystemI::createSoundInternal             : exinfo->suggestedsoundtype = 5
[LOG] SystemI::createSoundInternal             : exinfo->useropen           = 000007FEDFFBE310
[LOG] SystemI::createSoundInternal             : exinfo->userclose          = 000007FEDFFBE2E0
[LOG] SystemI::createSoundInternal             : exinfo->userread           = 000007FEDFFBE3E0
[LOG] SystemI::createSoundInternal             : exinfo->userseek           = 000007FEDFFBE490
[LOG] SystemI::createSoundInternal             : exinfo->fileuserdata       = 0000000067223368
[LOG] SystemI::createSoundInternal             : exinfo->initialseekpostype = 1
[LOG] SystemI::DSPCodecPoolRegister            : register codec pool for pool type 5
[LOG] SystemI::createSoundInternal             : Sample 0/1: name='hover', format=2, channels=2, frequency=48000, lengthbytes=1376, lengthpcm=22154, pcmblocksize=0, loopstart=0, loopend=0, mode=0x00000000, channelmask=0x00000000, channelorder=0, peakvolume=0.999969.
[LOG] SystemI::createSoundInternal             : Create name='', mode=0x02000202
[LOG] SystemI::createSoundInternal             : exinfo->cbsize             = 232
[LOG] SystemI::createSoundInternal             : exinfo->length             = 2691296
[LOG] SystemI::createSoundInternal             : exinfo->fileoffset         = 34080
[LOG] SystemI::createSoundInternal             : exinfo->numsubsounds       = 1
[LOG] SystemI::createSoundInternal             : exinfo->inclusionlist      = 000000005AEAF5FC
[LOG] SystemI::createSoundInternal             : exinfo->inclusionlistnum   = 1
[LOG] SystemI::createSoundInternal             : exinfo->suggestedsoundtype = 5
[LOG] SystemI::createSoundInternal             : exinfo->useropen           = 000007FEDFFBE310
[LOG] SystemI::createSoundInternal             : exinfo->userclose          = 000007FEDFFBE2E0
[LOG] SystemI::createSoundInternal             : exinfo->userread           = 000007FEDFFBE3E0
[LOG] SystemI::createSoundInternal             : exinfo->userseek           = 000007FEDFFBE490
[LOG] SystemI::createSoundInternal             : exinfo->fileuserdata       = 0000000067223368
[LOG] SystemI::createSoundInternal             : exinfo->initialseekpostype = 1
[LOG] SystemI::DSPCodecPoolRegister            : register codec pool for pool type 5
[LOG] SystemI::createSoundInternal             : Sample 0/1: name='click', format=2, channels=2, frequency=48000, lengthbytes=6240, lengthpcm=22154, pcmblocksize=0, loopstart=0, loopend=0, mode=0x00000000, channelmask=0x00000000, channelorder=0, peakvolume=0.896576.
[LOG] SystemI::createSoundInternal             : Create name='', mode=0x02000202
[LOG] SystemI::createSoundInternal             : exinfo->cbsize             = 232
[LOG] SystemI::createSoundInternal             : exinfo->length             = 2691296
[LOG] SystemI::createSoundInternal             : exinfo->fileoffset         = 34080
[LOG] SystemI::createSoundInternal             : exinfo->numsubsounds       = 1
[LOG] SystemI::createSoundInternal             : exinfo->inclusionlist      = 000000005AEAF5FC
[LOG] SystemI::createSoundInternal             : exinfo->inclusionlistnum   = 1
[LOG] SystemI::createSoundInternal             : exinfo->suggestedsoundtype = 5
[LOG] SystemI::createSoundInternal             : exinfo->useropen           = 000007FEDFFBE310
[LOG] SystemI::createSoundInternal             : exinfo->userclose          = 000007FEDFFBE2E0
[LOG] SystemI::createSoundInternal             : exinfo->userread           = 000007FEDFFBE3E0
[LOG] SystemI::createSoundInternal             : exinfo->userseek           = 000007FEDFFBE490
[LOG] SystemI::createSoundInternal             : exinfo->fileuserdata       = 00000000670B5148
[LOG] SystemI::createSoundInternal             : exinfo->initialseekpostype = 1
[LOG] SystemI::DSPCodecPoolRegister            : register codec pool for pool type 5
[LOG] SystemI::createSoundInternal             : Sample 0/1: name='AggressiveChords', format=2, channels=2, frequency=48000, lengthbytes=146432, lengthpcm=419454, pcmblocksize=0, loopstart=0, loopend=418908, mode=0x00000000, channelmask=0x00000000, channelorder=0, peakvolume=0.579681.
[LOG] SystemI::createSoundInternal             : Create name='', mode=0x02000202
[LOG] SystemI::createSoundInternal             : exinfo->cbsize             = 232
[LOG] SystemI::createSoundInternal             : exinfo->length             = 2691296
[LOG] SystemI::createSoundInternal             : exinfo->fileoffset         = 34080
[LOG] SystemI::createSoundInternal             : exinfo->numsubsounds       = 1
[LOG] SystemI::createSoundInternal             : exinfo->inclusionlist      = 000000005AEAF5FC
[LOG] SystemI::createSoundInternal             : exinfo->inclusionlistnum   = 1
[LOG] SystemI::createSoundInternal             : exinfo->suggestedsoundtype = 5
[LOG] SystemI::createSoundInternal             : exinfo->useropen           = 000007FEDFFBE310
[LOG] SystemI::createSoundInternal             : exinfo->userclose          = 000007FEDFFBE2E0
[LOG] SystemI::createSoundInternal             : exinfo->userread           = 000007FEDFFBE3E0
[LOG] SystemI::createSoundInternal             : exinfo->userseek           = 000007FEDFFBE490
[LOG] SystemI::createSoundInternal             : exinfo->fileuserdata       = 00000000670B5148
[LOG] SystemI::createSoundInternal             : exinfo->initialseekpostype = 1
[LOG] SystemI::DSPCodecPoolRegister            : register codec pool for pool type 5
[LOG] SystemI::createSoundInternal             : Sample 0/1: name='IntroLoopBreak', format=2, channels=2, frequency=48000, lengthbytes=109152, lengthpcm=419181, pcmblocksize=0, loopstart=0, loopend=418908, mode=0x00000000, channelmask=0x00000000, channelorder=0, peakvolume=0.999969.
[LOG] SystemI::createSoundInternal             : Create name='', mode=0x02000202
[LOG] SystemI::createSoundInternal             : exinfo->cbsize             = 232
[LOG] SystemI::createSoundInternal             : exinfo->length             = 2691296
[LOG] SystemI::createSoundInternal             : exinfo->fileoffset         = 34080
[LOG] SystemI::createSoundInternal             : exinfo->numsubsounds       = 1
[LOG] SystemI::createSoundInternal             : exinfo->inclusionlist      = 000000005AEAF5FC
[LOG] SystemI::createSoundInternal             : exinfo->inclusionlistnum   = 1
[LOG] SystemI::createSoundInternal             : exinfo->suggestedsoundtype = 5
[LOG] SystemI::createSoundInternal             : exinfo->useropen           = 000007FEDFFBE310
[LOG] SystemI::createSoundInternal             : exinfo->userclose          = 000007FEDFFBE2E0
[LOG] SystemI::createSoundInternal             : exinfo->userread           = 000007FEDFFBE3E0
[LOG] SystemI::createSoundInternal             : exinfo->userseek           = 000007FEDFFBE490
[LOG] SystemI::createSoundInternal             : exinfo->fileuserdata       = 00000000670B5148
[LOG] SystemI::createSoundInternal             : exinfo->initialseekpostype = 1
[LOG] SystemI::DSPCodecPoolRegister            : register codec pool for pool type 5
[LOG] SystemI::createSoundInternal             : Sample 0/1: name='IntroLoop', format=2, channels=2, frequency=48000, lengthbytes=109824, lengthpcm=419454, pcmblocksize=0, loopstart=0, loopend=418908, mode=0x00000000, channelmask=0x00000000, channelorder=0, peakvolume=0.999969.
[LOG] SystemI::createSoundInternal             : Create name='', mode=0x02000202
[LOG] SystemI::createSoundInternal             : exinfo->cbsize             = 232
[LOG] SystemI::createSoundInternal             : exinfo->length             = 2691296
[LOG] SystemI::createSoundInternal             : exinfo->fileoffset         = 34080
[LOG] SystemI::createSoundInternal             : exinfo->numsubsounds       = 1
[LOG] SystemI::createSoundInternal             : exinfo->inclusionlist      = 000000005AEAF5FC
[LOG] SystemI::createSoundInternal             : exinfo->inclusionlistnum   = 1
[LOG] SystemI::createSoundInternal             : exinfo->suggestedsoundtype = 5
[LOG] SystemI::createSoundInternal             : exinfo->useropen           = 000007FEDFFBE310
[LOG] SystemI::createSoundInternal             : exinfo->userclose          = 000007FEDFFBE2E0
[LOG] SystemI::createSoundInternal             : exinfo->userread           = 000007FEDFFBE3E0
[LOG] SystemI::createSoundInternal             : exinfo->userseek           = 000007FEDFFBE490
[LOG] SystemI::createSoundInternal             : exinfo->fileuserdata       = 00000000670B5148
[LOG] SystemI::createSoundInternal             : exinfo->initialseekpostype = 1
[LOG] SystemI::DSPCodecPoolRegister            : register codec pool for pool type 5
[LOG] SystemI::createSoundInternal             : Sample 0/1: name='Loop1Start', format=2, channels=2, frequency=48000, lengthbytes=110144, lengthpcm=419454, pcmblocksize=0, loopstart=0, loopend=418908, mode=0x00000000, channelmask=0x00000000, channelorder=0, peakvolume=0.999969.
[LOG] SystemI::createSoundInternal             : Create name='', mode=0x02000202
[LOG] SystemI::createSoundInternal             : exinfo->cbsize             = 232
[LOG] SystemI::createSoundInternal             : exinfo->length             = 2691296
[LOG] SystemI::createSoundInternal             : exinfo->fileoffset         = 34080
[LOG] SystemI::createSoundInternal             : exinfo->numsubsounds       = 1
[LOG] SystemI::createSoundInternal             : exinfo->inclusionlist      = 000000005AEAF5FC
[LOG] SystemI::createSoundInternal             : exinfo->inclusionlistnum   = 1
[LOG] SystemI::createSoundInternal             : exinfo->suggestedsoundtype = 5
[LOG] SystemI::createSoundInternal             : exinfo->useropen           = 000007FEDFFBE310
[LOG] SystemI::createSoundInternal             : exinfo->userclose          = 000007FEDFFBE2E0
[LOG] SystemI::createSoundInternal             : exinfo->userread           = 000007FEDFFBE3E0
[LOG] SystemI::createSoundInternal             : exinfo->userseek           = 000007FEDFFBE490
[LOG] SystemI::createSoundInternal             : exinfo->fileuserdata       = 00000000670B5148
[LOG] SystemI::createSoundInternal             : exinfo->initialseekpostype = 1
[LOG] SystemI::DSPCodecPoolRegister            : register codec pool for pool type 5
[LOG] SystemI::createSoundInternal             : Sample 0/1: name='AggresiveBass', format=2, channels=2, frequency=48000, lengthbytes=122016, lengthpcm=419454, pcmblocksize=0, loopstart=0, loopend=418908, mode=0x00000000, channelmask=0x00000000, channelorder=0, peakvolume=0.708069.
[LOG] SystemI::createSoundInternal             : Create name='', mode=0x02000202
[LOG] SystemI::createSoundInternal             : exinfo->cbsize             = 232
[LOG] SystemI::createSoundInternal             : exinfo->length             = 2691296
[LOG] SystemI::createSoundInternal             : exinfo->fileoffset         = 34080
[LOG] SystemI::createSoundInternal             : exinfo->numsubsounds       = 1
[LOG] SystemI::createSoundInternal             : exinfo->inclusionlist      = 000000005AEAF5FC
[LOG] SystemI::createSoundInternal             : exinfo->inclusionlistnum   = 1
[LOG] SystemI::createSoundInternal             : exinfo->suggestedsoundtype = 5
[LOG] SystemI::createSoundInternal             : exinfo->useropen           = 000007FEDFFBE310
[LOG] SystemI::createSoundInternal             : exinfo->userclose          = 000007FEDFFBE2E0
[LOG] SystemI::createSoundInternal             : exinfo->userread           = 000007FEDFFBE3E0
[LOG] SystemI::createSoundInternal             : exinfo->userseek           = 000007FEDFFBE490
[LOG] SystemI::createSoundInternal             : exinfo->fileuserdata       = 00000000670B5148
[LOG] SystemI::createSoundInternal             : exinfo->initialseekpostype = 1
[LOG] SystemI::DSPCodecPoolRegister            : register codec pool for pool type 5
[LOG] SystemI::createSoundInternal             : Sample 0/1: name='Loop1', format=2, channels=2, frequency=48000, lengthbytes=110880, lengthpcm=419454, pcmblocksize=0, loopstart=0, loopend=418908, mode=0x00000000, channelmask=0x00000000, channelorder=0, peakvolume=0.999969.
[LOG] SoundI::release                          : MenuLoop (0000000067D3D858)
[LOG] SoundI::release                          :     MenuLoop (0000000015F24228)
[LOG] SoundI::release                          :     MenuLoop (0000000070F94958)
[LOG] Manager::readBank                        : fileversion = 100, compatVersion = 99 (oldest = 44, newest = 100)
[LOG] SystemI::createSoundInternal             : Create name='', mode=0x02000202
[LOG] SystemI::createSoundInternal             : exinfo->cbsize             = 232
[LOG] SystemI::createSoundInternal             : exinfo->length             = 2691296
[LOG] SystemI::createSoundInternal             : exinfo->fileoffset         = 34080
[LOG] SystemI::createSoundInternal             : exinfo->numsubsounds       = 1
[LOG] SystemI::createSoundInternal             : exinfo->inclusionlist      = 000000005AEAF5FC
[LOG] SystemI::createSoundInternal             : exinfo->inclusionlistnum   = 1
[LOG] SystemI::createSoundInternal             : exinfo->suggestedsoundtype = 5
[LOG] SystemI::createSoundInternal             : exinfo->useropen           = 000007FEDFFBE310
[LOG] SystemI::createSoundInternal             : exinfo->userclose          = 000007FEDFFBE2E0
[LOG] SystemI::createSoundInternal             : exinfo->userread           = 000007FEDFFBE3E0
[LOG] SystemI::createSoundInternal             : exinfo->userseek           = 000007FEDFFBE490
[LOG] SystemI::createSoundInternal             : exinfo->fileuserdata       = 00000000670B5148
[LOG] SystemI::createSoundInternal             : exinfo->initialseekpostype = 1
[LOG] SystemI::DSPCodecPoolRegister            : register codec pool for pool type 5
[LOG] SystemI::createSoundInternal             : Sample 0/1: name='JumpFail3', format=2, channels=2, frequency=48000, lengthbytes=5344, lengthpcm=27922, pcmblocksize=0, loopstart=0, loopend=27690, mode=0x00000000, channelmask=0x00000000, channelorder=0, peakvolume=0.135773.
[LOG] SystemI::createSoundInternal             : Create name='', mode=0x02000202
[LOG] SystemI::createSoundInternal             : exinfo->cbsize             = 232
[LOG] SystemI::createSoundInternal             : exinfo->length             = 2691296
[LOG] SystemI::createSoundInternal             : exinfo->fileoffset         = 34080
[LOG] SystemI::createSoundInternal             : exinfo->numsubsounds       = 1
[LOG] SystemI::createSoundInternal             : exinfo->inclusionlist      = 000000005AEAF5FC
[LOG] SystemI::createSoundInternal             : exinfo->inclusionlistnum   = 1
[LOG] SystemI::createSoundInternal             : exinfo->suggestedsoundtype = 5
[LOG] SystemI::createSoundInternal             : exinfo->useropen           = 000007FEDFFBE310
[LOG] SystemI::createSoundInternal             : exinfo->userclose          = 000007FEDFFBE2E0
[LOG] SystemI::createSoundInternal             : exinfo->userread           = 000007FEDFFBE3E0
[LOG] SystemI::createSoundInternal             : exinfo->userseek           = 000007FEDFFBE490
[LOG] SystemI::createSoundInternal             : exinfo->fileuserdata       = 00000000670B5148
[LOG] SystemI::createSoundInternal             : exinfo->initialseekpostype = 1
[LOG] SystemI::DSPCodecPoolRegister            : register codec pool for pool type 5
[LOG] SystemI::createSoundInternal             : Sample 0/1: name='JumpFail4', format=2, channels=2, frequency=48000, lengthbytes=2592, lengthpcm=11307, pcmblocksize=0, loopstart=0, loopend=11075, mode=0x00000000, channelmask=0x00000000, channelorder=0, peakvolume=0.274261.
[LOG] SystemI::createSoundInternal             : Create name='', mode=0x02000202
[LOG] SystemI::createSoundInternal             : exinfo->cbsize             = 232
[LOG] SystemI::createSoundInternal             : exinfo->length             = 2691296
[LOG] SystemI::createSoundInternal             : exinfo->fileoffset         = 34080
[LOG] SystemI::createSoundInternal             : exinfo->numsubsounds       = 1
[LOG] SystemI::createSoundInternal             : exinfo->inclusionlist      = 000000005AEAF5FC
[LOG] SystemI::createSoundInternal             : exinfo->inclusionlistnum   = 1
[LOG] SystemI::createSoundInternal             : exinfo->suggestedsoundtype = 5
[LOG] SystemI::createSoundInternal             : exinfo->useropen           = 000007FEDFFBE310
[LOG] SystemI::createSoundInternal             : exinfo->userclose          = 000007FEDFFBE2E0
[LOG] SystemI::createSoundInternal             : exinfo->userread           = 000007FEDFFBE3E0
[LOG] SystemI::createSoundInternal             : exinfo->userseek           = 000007FEDFFBE490
[LOG] SystemI::createSoundInternal             : exinfo->fileuserdata       = 00000000670B5148
[LOG] SystemI::createSoundInternal             : exinfo->initialseekpostype = 1
[LOG] SystemI::DSPCodecPoolRegister            : register codec pool for pool type 5
[LOG] SystemI::createSoundInternal             : Sample 0/1: name='JumpFail1', format=2, channels=2, frequency=48000, lengthbytes=3584, lengthpcm=16845, pcmblocksize=0, loopstart=0, loopend=16613, mode=0x00000000, channelmask=0x00000000, channelorder=0, peakvolume=0.242920.
[LOG] SystemI::createSoundInternal             : Create name='', mode=0x02000202
[LOG] SystemI::createSoundInternal             : exinfo->cbsize             = 232
[LOG] SystemI::createSoundInternal             : exinfo->length             = 2691296
[LOG] SystemI::createSoundInternal             : exinfo->fileoffset         = 34080
[LOG] SystemI::createSoundInternal             : exinfo->numsubsounds       = 1
[LOG] SystemI::createSoundInternal             : exinfo->inclusionlist      = 000000005AEAF5FC
[LOG] SystemI::createSoundInternal             : exinfo->inclusionlistnum   = 1
[LOG] SystemI::createSoundInternal             : exinfo->suggestedsoundtype = 5
[LOG] SystemI::createSoundInternal             : exinfo->useropen           = 000007FEDFFBE310
[LOG] SystemI::createSoundInternal             : exinfo->userclose          = 000007FEDFFBE2E0
[LOG] SystemI::createSoundInternal             : exinfo->userread           = 000007FEDFFBE3E0
[LOG] SystemI::createSoundInternal             : exinfo->userseek           = 000007FEDFFBE490
[LOG] SystemI::createSoundInternal             : exinfo->fileuserdata       = 00000000670B5148
[LOG] SystemI::createSoundInternal             : exinfo->initialseekpostype = 1
[LOG] SystemI::DSPCodecPoolRegister            : register codec pool for pool type 5
[LOG] SystemI::createSoundInternal             : Sample 0/1: name='JumpFail2', format=2, channels=2, frequency=48000, lengthbytes=4320, lengthpcm=22384, pcmblocksize=0, loopstart=0, loopend=22152, mode=0x00000000, channelmask=0x00000000, channelorder=0, peakvolume=0.126099.
[LOG] SystemI::createSoundInternal             : Create name='', mode=0x02000202
[LOG] SystemI::createSoundInternal             : exinfo->cbsize             = 232
[LOG] SystemI::createSoundInternal             : exinfo->length             = 2691296
[LOG] SystemI::createSoundInternal             : exinfo->fileoffset         = 34080
[LOG] SystemI::createSoundInternal             : exinfo->numsubsounds       = 1
[LOG] SystemI::createSoundInternal             : exinfo->inclusionlist      = 000000005AEAF5FC
[LOG] SystemI::createSoundInternal             : exinfo->inclusionlistnum   = 1
[LOG] SystemI::createSoundInternal             : exinfo->suggestedsoundtype = 5
[LOG] SystemI::createSoundInternal             : exinfo->useropen           = 000007FEDFFBE310
[LOG] SystemI::createSoundInternal             : exinfo->userclose          = 000007FEDFFBE2E0
[LOG] SystemI::createSoundInternal             : exinfo->userread           = 000007FEDFFBE3E0
[LOG] SystemI::createSoundInternal             : exinfo->userseek           = 000007FEDFFBE490
[LOG] SystemI::createSoundInternal             : exinfo->fileuserdata       = 00000000670B5148
[LOG] SystemI::createSoundInternal             : exinfo->initialseekpostype = 1
[LOG] SystemI::DSPCodecPoolRegister            : register codec pool for pool type 5
[LOG] SystemI::createSoundInternal             : Sample 0/1: name='Jump1', format=2, channels=2, frequency=48000, lengthbytes=7328, lengthpcm=27922, pcmblocksize=0, loopstart=0, loopend=27690, mode=0x00000000, channelmask=0x00000000, channelorder=0, peakvolume=0.596649.
[LOG] Manager::readBank                        : fileversion = 100, compatVersion = 99 (oldest = 44, newest = 100)
[LOG] SystemI::createSoundInternal             : Create name='', mode=0x02000202
[LOG] SystemI::createSoundInternal             : exinfo->cbsize             = 232
[LOG] SystemI::createSoundInternal             : exinfo->length             = 2691296
[LOG] SystemI::createSoundInternal             : exinfo->fileoffset         = 34080
[LOG] SystemI::createSoundInternal             : exinfo->numsubsounds       = 1
[LOG] SystemI::createSoundInternal             : exinfo->inclusionlist      = 000000005AEAF5FC
[LOG] SystemI::createSoundInternal             : exinfo->inclusionlistnum   = 1
[LOG] SystemI::createSoundInternal             : exinfo->suggestedsoundtype = 5
[LOG] SystemI::createSoundInternal             : exinfo->useropen           = 000007FEDFFBE310
[LOG] SystemI::createSoundInternal             : exinfo->userclose          = 000007FEDFFBE2E0
[LOG] SystemI::createSoundInternal             : exinfo->userread           = 000007FEDFFBE3E0
[LOG] SystemI::createSoundInternal             : exinfo->userseek           = 000007FEDFFBE490
[LOG] SystemI::createSoundInternal             : exinfo->fileuserdata       = 0000000067EACCB8
[LOG] SystemI::createSoundInternal             : exinfo->initialseekpostype = 1
[LOG] SystemI::DSPCodecPoolRegister            : register codec pool for pool type 5
[LOG] SystemI::createSoundInternal             : Sample 0/1: name='crunch1', format=2, channels=2, frequency=48000, lengthbytes=9664, lengthpcm=27691, pcmblocksize=0, loopstart=0, loopend=0, mode=0x00000000, channelmask=0x00000000, channelorder=0, peakvolume=0.204102.
[LOG] Manager::readBank                        : fileversion = 100, compatVersion = 99 (oldest = 44, newest = 100)
[LOG] Manager::readBank                        : fileversion = 100, compatVersion = 99 (oldest = 44, newest = 100)
[LOG] Manager::readBank                        : fileversion = 100, compatVersion = 99 (oldest = 44, newest = 100)
[LOG] Manager::readBank                        : fileversion = 100, compatVersion = 99 (oldest = 44, newest = 100)
[LOG] PlaybackSystem::acquireMasterBus         : Setting master channel group format to 6
[LOG] SystemI::createSoundInternal             : Create name='', mode=0x02000202
[LOG] SystemI::createSoundInternal             : exinfo->cbsize             = 232
[LOG] SystemI::createSoundInternal             : exinfo->length             = 2691296
[LOG] SystemI::createSoundInternal             : exinfo->fileoffset         = 34080
[LOG] SystemI::createSoundInternal             : exinfo->numsubsounds       = 1
[LOG] SystemI::createSoundInternal             : exinfo->inclusionlist      = 000000005AEAF5FC
[LOG] SystemI::createSoundInternal             : exinfo->inclusionlistnum   = 1
[LOG] SystemI::createSoundInternal             : exinfo->suggestedsoundtype = 5
[LOG] SystemI::createSoundInternal             : exinfo->useropen           = 000007FEDFFBE310
[LOG] SystemI::createSoundInternal             : exinfo->userclose          = 000007FEDFFBE2E0
[LOG] SystemI::createSoundInternal             : exinfo->userread           = 000007FEDFFBE3E0
[LOG] SystemI::createSoundInternal             : exinfo->userseek           = 000007FEDFFBE490
[LOG] SystemI::createSoundInternal             : exinfo->fileuserdata       = 00000000670B5148
[LOG] SystemI::createSoundInternal             : exinfo->initialseekpostype = 1
[LOG] SystemI::DSPCodecPoolRegister            : register codec pool for pool type 5
[LOG] SystemI::createSoundInternal             : Sample 0/1: name='AngryCat1', format=2, channels=2, frequency=48000, lengthbytes=9600, lengthpcm=39461, pcmblocksize=0, loopstart=0, loopend=38768, mode=0x00000000, channelmask=0x00000000, channelorder=0, peakvolume=0.999969.
[LOG] SystemI::createSoundInternal             : Create name='', mode=0x02000202
[LOG] SystemI::createSoundInternal             : exinfo->cbsize             = 232
[LOG] SystemI::createSoundInternal             : exinfo->length             = 2691296
[LOG] SystemI::createSoundInternal             : exinfo->fileoffset         = 34080
[LOG] SystemI::createSoundInternal             : exinfo->numsubsounds       = 1
[LOG] SystemI::createSoundInternal             : exinfo->inclusionlist      = 000000005AEAF5FC
[LOG] SystemI::createSoundInternal             : exinfo->inclusionlistnum   = 1
[LOG] SystemI::createSoundInternal             : exinfo->suggestedsoundtype = 5
[LOG] SystemI::createSoundInternal             : exinfo->useropen           = 000007FEDFFBE310
[LOG] SystemI::createSoundInternal             : exinfo->userclose          = 000007FEDFFBE2E0
[LOG] SystemI::createSoundInternal             : exinfo->userread           = 000007FEDFFBE3E0
[LOG] SystemI::createSoundInternal             : exinfo->userseek           = 000007FEDFFBE490
[LOG] SystemI::createSoundInternal             : exinfo->fileuserdata       = 00000000670B5148
[LOG] SystemI::createSoundInternal             : exinfo->initialseekpostype = 1
[LOG] SystemI::DSPCodecPoolRegister            : register codec pool for pool type 5
[LOG] SystemI::createSoundInternal             : Sample 0/1: name='AngryCat3', format=2, channels=2, frequency=48000, lengthbytes=8096, lengthpcm=33923, pcmblocksize=0, loopstart=0, loopend=33230, mode=0x00000000, channelmask=0x00000000, channelorder=0, peakvolume=0.870667.
[LOG] SystemI::createSoundInternal             : Create name='', mode=0x02000202
[LOG] SystemI::createSoundInternal             : exinfo->cbsize             = 232
[LOG] SystemI::createSoundInternal             : exinfo->length             = 2691296
[LOG] SystemI::createSoundInternal             : exinfo->fileoffset         = 34080
[LOG] SystemI::createSoundInternal             : exinfo->numsubsounds       = 1
[LOG] SystemI::createSoundInternal             : exinfo->inclusionlist      = 000000005AEAF5FC
[LOG] SystemI::createSoundInternal             : exinfo->inclusionlistnum   = 1
[LOG] SystemI::createSoundInternal             : exinfo->suggestedsoundtype = 5
[LOG] SystemI::createSoundInternal             : exinfo->useropen           = 000007FEDFFBE310
[LOG] SystemI::createSoundInternal             : exinfo->userclose          = 000007FEDFFBE2E0
[LOG] SystemI::createSoundInternal             : exinfo->userread           = 000007FEDFFBE3E0
[LOG] SystemI::createSoundInternal             : exinfo->userseek           = 000007FEDFFBE490
[LOG] SystemI::createSoundInternal             : exinfo->fileuserdata       = 00000000670B5148
[LOG] SystemI::createSoundInternal             : exinfo->initialseekpostype = 1
[LOG] SystemI::DSPCodecPoolRegister            : register codec pool for pool type 5
[LOG] SystemI::createSoundInternal             : Sample 0/1: name='AngryCat2', format=2, channels=2, frequency=48000, lengthbytes=10880, lengthpcm=45000, pcmblocksize=0, loopstart=0, loopend=44307, mode=0x00000000, channelmask=0x00000000, channelorder=0, peakvolume=0.852417.
[LOG] SystemI::createSound                     : filename = Assets\Audio\fmodproject\Build\Desktop/Master Bank.bank : mode 02010082
[LOG] SystemI::createSound                     : FMOD_NONBLOCKING specified.  Putting into queue to be opened asynchronously!
[LOG] SystemI::createSound                     : setdata soundi = 000000004F67D468 : node = 0000000013556840
[LOG] SystemI::createSound                     : add node to async list : head = 0000000015F234D8.  list count = 0
[LOG] AsyncThread::threadFunc                  : Starting Asynchronous operation on sound 000000004F67D468
[LOG] SystemI::createSoundInternal             :     Create name='Assets\Audio\fmodproject\Build\Desktop/Master Bank.bank', mode=0x02010082
[LOG] SystemI::createSoundInternal             :     exinfo->cbsize             = 232
[LOG] SystemI::createSoundInternal             :     exinfo->length             = 2691296
[LOG] SystemI::createSoundInternal             :     exinfo->fileoffset         = 34080
[LOG] SystemI::createSoundInternal             :     exinfo->numsubsounds       = 1
[LOG] SystemI::createSoundInternal             :     exinfo->inclusionlist      = 0000000013556958
[LOG] SystemI::createSoundInternal             :     exinfo->inclusionlistnum   = 1
[LOG] SystemI::createSoundInternal             :     exinfo->suggestedsoundtype = 5
[LOG] SystemI::createSoundInternal             :     exinfo->initialseekpostype = 1
[LOG] SystemI::createSoundInternal             :     Stream 0/1: name='Loop2', format=2, channels=2, frequency=48000, lengthbytes=453760, lengthpcm=1676181, pcmblocksize=0, loopstart=0, loopend=1675635, mode=0x00000000, channelmask=0x00000000, channelorder=0, peakvolume=1.734482.
[LOG] AsyncThread::threadFunc                  : Finished Asynchronous operation on sound 000000004F67D468
[LOG] SoundI::getSubSound                      : sound 000000004F67D468.  Subsound index 0 / 1
[LOG] SoundI::getSubSound                      : starting non blocking seek and setting sound to not ready state
[LOG] SoundI::getSubSound                      : finished preparing nonblocking getSubSound seek
[LOG] AsyncThread::threadFunc                  : Starting Asynchronous operation on sound 0000000067D3D858
[LOG] AsyncThread::threadFunc                  :     done setposition
[LOG] AsyncThread::threadFunc                  :     done flush
[LOG] AsyncThread::threadFunc                  : Finished Asynchronous operation on sound 0000000067D3D858
[LOG] SystemI::createSoundInternal             : Create name='', mode=0x02000202
[LOG] SystemI::createSoundInternal             : exinfo->cbsize             = 232
[LOG] SystemI::createSoundInternal             : exinfo->length             = 2691296
[LOG] SystemI::createSoundInternal             : exinfo->fileoffset         = 34080
[LOG] SystemI::createSoundInternal             : exinfo->numsubsounds       = 1
[LOG] SystemI::createSoundInternal             : exinfo->inclusionlist      = 000000005AEAF5FC
[LOG] SystemI::createSoundInternal             : exinfo->inclusionlistnum   = 1
[LOG] SystemI::createSoundInternal             : exinfo->suggestedsoundtype = 5
[LOG] SystemI::createSoundInternal             : exinfo->useropen           = 000007FEDFFBE310
[LOG] SystemI::createSoundInternal             : exinfo->userclose          = 000007FEDFFBE2E0
[LOG] SystemI::createSoundInternal             : exinfo->userread           = 000007FEDFFBE3E0
[LOG] SystemI::createSoundInternal             : exinfo->userseek           = 000007FEDFFBE490
[LOG] SystemI::createSoundInternal             : exinfo->fileuserdata       = 00000000670B78A8
[LOG] SystemI::createSoundInternal             : exinfo->initialseekpostype = 1
[LOG] SystemI::DSPCodecPoolRegister            : register codec pool for pool type 5
[LOG] SystemI::createSoundInternal             : Sample 0/1: name='SpeedIntro', format=2, channels=2, frequency=48000, lengthbytes=126496, lengthpcm=341999, pcmblocksize=0, loopstart=0, loopend=341332, mode=0x00000000, channelmask=0x00000000, channelorder=0, peakvolume=0.999969.
[LOG] SoundI::release                          :  (000000004F175108)
[LOG] SoundI::release                          :     hover (0000000015F23A08)
[LOG] SoundI::release                          :  (0000000071C87168)
[LOG] SoundI::release                          :     AngryCat1 (00000000716301F8)
[LOG] SoundI::release                          :  (0000000071C87448)
[LOG] SoundI::release                          :     AngryCat2 (0000000071630538)
[LOG] SoundI::release                          :  (0000000071C872D8)
[LOG] SoundI::release                          :     AngryCat3 (0000000071630398)
[LOG] SoundI::release                          :  (0000000071C86FF8)
[LOG] SoundI::release                          :     crunch1 (0000000071C03F98)
[LOG] SoundI::release                          :  (000000004F175278)
[LOG] SoundI::release                          :     click (0000000015F243C8)
[LOG] SoundI::release                          :  (0000000071C86BA8)
[LOG] SoundI::release                          :     JumpFail1 (0000000071C03AB8)
[LOG] SoundI::release                          :  (0000000071C86D18)
[LOG] SoundI::release                          :     JumpFail2 (0000000071C03C58)
[LOG] SoundI::release                          :  (000000004F175558)
[LOG] SoundI::release                          :     JumpFail3 (0000000015F24228)
[LOG] SoundI::release                          :  (0000000071C86A38)
[LOG] SoundI::release                          :     JumpFail4 (0000000071C03918)
[LOG] SoundI::release                          :  (0000000071C86E88)
[LOG] SoundI::release                          :     Jump1 (0000000071C03DF8)
[LOG] SoundI::release                          :  (000000004F1756C8)
[LOG] SoundI::release                          :     IntroLoop (0000000071C03298)
[LOG] SoundI::release                          :  (000000004F1759A8)
[LOG] SoundI::release                          :     IntroLoopBreak (0000000015F24088)
[LOG] SoundI::release                          :  (000000004F175C88)
[LOG] SoundI::release                          :     Loop1 (0000000071C03778)
[LOG] SoundI::release                          :  (000000004F175B18)
[LOG] SoundI::release                          :     AggresiveBass (0000000071C035D8)
[LOG] SoundI::release                          : Loop2 (000000004F67D468)
[LOG] SoundI::release                          :     Loop2 (00000000716306D8)
[LOG] SoundI::release                          :     Loop2 (0000000067D3D858)
[LOG] SystemI::createSoundInternal             : Create name='', mode=0x02000202
[LOG] SystemI::createSoundInternal             : exinfo->cbsize             = 232
[LOG] SystemI::createSoundInternal             : exinfo->length             = 2691296
[LOG] SystemI::createSoundInternal             : exinfo->fileoffset         = 34080
[LOG] SystemI::createSoundInternal             : exinfo->numsubsounds       = 1
[LOG] SystemI::createSoundInternal             : exinfo->inclusionlist      = 000000005AEAF5FC
[LOG] SystemI::createSoundInternal             : exinfo->inclusionlistnum   = 1
[LOG] SystemI::createSoundInternal             : exinfo->suggestedsoundtype = 5
[LOG] SystemI::createSoundInternal             : exinfo->useropen           = 000007FEDFFBE310
[LOG] SystemI::createSoundInternal             : exinfo->userclose          = 000007FEDFFBE2E0
[LOG] SystemI::createSoundInternal             : exinfo->userread           = 000007FEDFFBE3E0
[LOG] SystemI::createSoundInternal             : exinfo->userseek           = 000007FEDFFBE490
[LOG] SystemI::createSoundInternal             : exinfo->fileuserdata       = 0000000067369B48
[LOG] SystemI::createSoundInternal             : exinfo->initialseekpostype = 1
[LOG] SystemI::DSPCodecPoolRegister            : register codec pool for pool type 5
[LOG] SystemI::createSoundInternal             : Sample 0/1: name='AngryCat1', format=2, channels=2, frequency=48000, lengthbytes=9600, lengthpcm=39461, pcmblocksize=0, loopstart=0, loopend=38768, mode=0x00000000, channelmask=0x00000000, channelorder=0, peakvolume=0.999969.
[LOG] SystemI::createSoundInternal             : Create name='', mode=0x02000202
[LOG] SystemI::createSoundInternal             : exinfo->cbsize             = 232
[LOG] SystemI::createSoundInternal             : exinfo->length             = 2691296
[LOG] SystemI::createSoundInternal             : exinfo->fileoffset         = 34080
[LOG] SystemI::createSoundInternal             : exinfo->numsubsounds       = 1
[LOG] SystemI::createSoundInternal             : exinfo->inclusionlist      = 000000005AEAF5FC
[LOG] SystemI::createSoundInternal             : exinfo->inclusionlistnum   = 1
[LOG] SystemI::createSoundInternal             : exinfo->suggestedsoundtype = 5
[LOG] SystemI::createSoundInternal             : exinfo->useropen           = 000007FEDFFBE310
[LOG] SystemI::createSoundInternal             : exinfo->userclose          = 000007FEDFFBE2E0
[LOG] SystemI::createSoundInternal             : exinfo->userread           = 000007FEDFFBE3E0
[LOG] SystemI::createSoundInternal             : exinfo->userseek           = 000007FEDFFBE490
[LOG] SystemI::createSoundInternal             : exinfo->fileuserdata       = 0000000067369B48
[LOG] SystemI::createSoundInternal             : exinfo->initialseekpostype = 1
[LOG] SystemI::DSPCodecPoolRegister            : register codec pool for pool type 5
[LOG] SystemI::createSoundInternal             : Sample 0/1: name='AngryCat3', format=2, channels=2, frequency=48000, lengthbytes=8096, lengthpcm=33923, pcmblocksize=0, loopstart=0, loopend=33230, mode=0x00000000, channelmask=0x00000000, channelorder=0, peakvolume=0.870667.
[LOG] SystemI::createSoundInternal             : Create name='', mode=0x02000202
[LOG] SystemI::createSoundInternal             : exinfo->cbsize             = 232
[LOG] SystemI::createSoundInternal             : exinfo->length             = 2691296
[LOG] SystemI::createSoundInternal             : exinfo->fileoffset         = 34080
[LOG] SystemI::createSoundInternal             : exinfo->numsubsounds       = 1
[LOG] SystemI::createSoundInternal             : exinfo->inclusionlist      = 000000005AEAF5FC
[LOG] SystemI::createSoundInternal             : exinfo->inclusionlistnum   = 1
[LOG] SystemI::createSoundInternal             : exinfo->suggestedsoundtype = 5
[LOG] SystemI::createSoundInternal             : exinfo->useropen           = 000007FEDFFBE310
[LOG] SystemI::createSoundInternal             : exinfo->userclose          = 000007FEDFFBE2E0
[LOG] SystemI::createSoundInternal             : exinfo->userread           = 000007FEDFFBE3E0
[LOG] SystemI::createSoundInternal             : exinfo->userseek           = 000007FEDFFBE490
[LOG] SystemI::createSoundInternal             : exinfo->fileuserdata       = 0000000067369B48
[LOG] SystemI::createSoundInternal             : exinfo->initialseekpostype = 1
[LOG] SystemI::DSPCodecPoolRegister            : register codec pool for pool type 5
[LOG] SystemI::createSoundInternal             : Sample 0/1: name='AngryCat2', format=2, channels=2, frequency=48000, lengthbytes=10880, lengthpcm=45000, pcmblocksize=0, loopstart=0, loopend=44307, mode=0x00000000, channelmask=0x00000000, channelorder=0, peakvolume=0.852417.
[LOG] SystemI::createSoundInternal             : Create name='', mode=0x02000202
[LOG] SystemI::createSoundInternal             : exinfo->cbsize             = 232
[LOG] SystemI::createSoundInternal             : exinfo->length             = 2691296
[LOG] SystemI::createSoundInternal             : exinfo->fileoffset         = 34080
[LOG] SystemI::createSoundInternal             : exinfo->numsubsounds       = 1
[LOG] SystemI::createSoundInternal             : exinfo->inclusionlist      = 000000005AEAF5FC
[LOG] SystemI::createSoundInternal             : exinfo->inclusionlistnum   = 1
[LOG] SystemI::createSoundInternal             : exinfo->suggestedsoundtype = 5
[LOG] SystemI::createSoundInternal             : exinfo->useropen           = 000007FEDFFBE310
[LOG] SystemI::createSoundInternal             : exinfo->userclose          = 000007FEDFFBE2E0
[LOG] SystemI::createSoundInternal             : exinfo->userread           = 000007FEDFFBE3E0
[LOG] SystemI::createSoundInternal             : exinfo->userseek           = 000007FEDFFBE490
[LOG] SystemI::createSoundInternal             : exinfo->fileuserdata       = 0000000067369B48
[LOG] SystemI::createSoundInternal             : exinfo->initialseekpostype = 1
[LOG] SystemI::DSPCodecPoolRegister            : register codec pool for pool type 5
[LOG] SystemI::createSoundInternal             : Sample 0/1: name='JumpFail3', format=2, channels=2, frequency=48000, lengthbytes=5344, lengthpcm=27922, pcmblocksize=0, loopstart=0, loopend=27690, mode=0x00000000, channelmask=0x00000000, channelorder=0, peakvolume=0.135773.
[LOG] SystemI::createSoundInternal             : Create name='', mode=0x02000202
[LOG] SystemI::createSoundInternal             : exinfo->cbsize             = 232
[LOG] SystemI::createSoundInternal             : exinfo->length             = 2691296
[LOG] SystemI::createSoundInternal             : exinfo->fileoffset         = 34080
[LOG] SystemI::createSoundInternal             : exinfo->numsubsounds       = 1
[LOG] SystemI::createSoundInternal             : exinfo->inclusionlist      = 000000005AEAF5FC
[LOG] SystemI::createSoundInternal             : exinfo->inclusionlistnum   = 1
[LOG] SystemI::createSoundInternal             : exinfo->suggestedsoundtype = 5
[LOG] SystemI::createSoundInternal             : exinfo->useropen           = 000007FEDFFBE310
[LOG] SystemI::createSoundInternal             : exinfo->userclose          = 000007FEDFFBE2E0
[LOG] SystemI::createSoundInternal             : exinfo->userread           = 000007FEDFFBE3E0
[LOG] SystemI::createSoundInternal             : exinfo->userseek           = 000007FEDFFBE490
[LOG] SystemI::createSoundInternal             : exinfo->fileuserdata       = 0000000067369B48
[LOG] SystemI::createSoundInternal             : exinfo->initialseekpostype = 1
[LOG] SystemI::DSPCodecPoolRegister            : register codec pool for pool type 5
[LOG] SystemI::createSoundInternal             : Sample 0/1: name='JumpFail4', format=2, channels=2, frequency=48000, lengthbytes=2592, lengthpcm=11307, pcmblocksize=0, loopstart=0, loopend=11075, mode=0x00000000, channelmask=0x00000000, channelorder=0, peakvolume=0.274261.
[LOG] SystemI::createSoundInternal             : Create name='', mode=0x02000202
[LOG] SystemI::createSoundInternal             : exinfo->cbsize             = 232
[LOG] SystemI::createSoundInternal             : exinfo->length             = 2691296
[LOG] SystemI::createSoundInternal             : exinfo->fileoffset         = 34080
[LOG] SystemI::createSoundInternal             : exinfo->numsubsounds       = 1
[LOG] SystemI::createSoundInternal             : exinfo->inclusionlist      = 000000005AEAF5FC
[LOG] SystemI::createSoundInternal             : exinfo->inclusionlistnum   = 1
[LOG] SystemI::createSoundInternal             : exinfo->suggestedsoundtype = 5
[LOG] SystemI::createSoundInternal             : exinfo->useropen           = 000007FEDFFBE310
[LOG] SystemI::createSoundInternal             : exinfo->userclose          = 000007FEDFFBE2E0
[LOG] SystemI::createSoundInternal             : exinfo->userread           = 000007FEDFFBE3E0
[LOG] SystemI::createSoundInternal             : exinfo->userseek           = 000007FEDFFBE490
[LOG] SystemI::createSoundInternal             : exinfo->fileuserdata       = 0000000067369B48
[LOG] SystemI::createSoundInternal             : exinfo->initialseekpostype = 1
[LOG] SystemI::DSPCodecPoolRegister            : register codec pool for pool type 5
[LOG] SystemI::createSoundInternal             : Sample 0/1: name='JumpFail1', format=2, channels=2, frequency=48000, lengthbytes=3584, lengthpcm=16845, pcmblocksize=0, loopstart=0, loopend=16613, mode=0x00000000, channelmask=0x00000000, channelorder=0, peakvolume=0.242920.
[LOG] SystemI::createSoundInternal             : Create name='', mode=0x02000202
[LOG] SystemI::createSoundInternal             : exinfo->cbsize             = 232
[LOG] SystemI::createSoundInternal             : exinfo->length             = 2691296
[LOG] SystemI::createSoundInternal             : exinfo->fileoffset         = 34080
[LOG] SystemI::createSoundInternal             : exinfo->numsubsounds       = 1
[LOG] SystemI::createSoundInternal             : exinfo->inclusionlist      = 000000005AEAF5FC
[LOG] SystemI::createSoundInternal             : exinfo->inclusionlistnum   = 1
[LOG] SystemI::createSoundInternal             : exinfo->suggestedsoundtype = 5
[LOG] SystemI::createSoundInternal             : exinfo->useropen           = 000007FEDFFBE310
[LOG] SystemI::createSoundInternal             : exinfo->userclose          = 000007FEDFFBE2E0
[LOG] SystemI::createSoundInternal             : exinfo->userread           = 000007FEDFFBE3E0
[LOG] SystemI::createSoundInternal             : exinfo->userseek           = 000007FEDFFBE490
[LOG] SystemI::createSoundInternal             : exinfo->fileuserdata       = 0000000067369B48
[LOG] SystemI::createSoundInternal             : exinfo->initialseekpostype = 1
[LOG] SystemI::DSPCodecPoolRegister            : register codec pool for pool type 5
[LOG] SystemI::createSoundInternal             : Sample 0/1: name='JumpFail2', format=2, channels=2, frequency=48000, lengthbytes=4320, lengthpcm=22384, pcmblocksize=0, loopstart=0, loopend=22152, mode=0x00000000, channelmask=0x00000000, channelorder=0, peakvolume=0.126099.
[LOG] SystemI::createSoundInternal             : Create name='', mode=0x02000202
[LOG] SystemI::createSoundInternal             : exinfo->cbsize             = 232
[LOG] SystemI::createSoundInternal             : exinfo->length             = 2691296
[LOG] SystemI::createSoundInternal             : exinfo->fileoffset         = 34080
[LOG] SystemI::createSoundInternal             : exinfo->numsubsounds       = 1
[LOG] SystemI::createSoundInternal             : exinfo->inclusionlist      = 000000005AEAF5FC
[LOG] SystemI::createSoundInternal             : exinfo->inclusionlistnum   = 1
[LOG] SystemI::createSoundInternal             : exinfo->suggestedsoundtype = 5
[LOG] SystemI::createSoundInternal             : exinfo->useropen           = 000007FEDFFBE310
[LOG] SystemI::createSoundInternal             : exinfo->userclose          = 000007FEDFFBE2E0
[LOG] SystemI::createSoundInternal             : exinfo->userread           = 000007FEDFFBE3E0
[LOG] SystemI::createSoundInternal             : exinfo->userseek           = 000007FEDFFBE490
[LOG] SystemI::createSoundInternal             : exinfo->fileuserdata       = 0000000067369B48
[LOG] SystemI::createSoundInternal             : exinfo->initialseekpostype = 1
[LOG] SystemI::DSPCodecPoolRegister            : register codec pool for pool type 5
[LOG] SystemI::createSoundInternal             : Sample 0/1: name='Jump1', format=2, channels=2, frequency=48000, lengthbytes=7328, lengthpcm=27922, pcmblocksize=0, loopstart=0, loopend=27690, mode=0x00000000, channelmask=0x00000000, channelorder=0, peakvolume=0.596649.
[LOG] SoundI::release                          :  (000000004F1753E8)
[LOG] SoundI::release                          :     Loop1Start (0000000071C03438)
[LOG] SystemI::createSound                     : filename = Assets\Audio\fmodproject\Build\Desktop/Master Bank.bank : mode 02010082
[LOG] SystemI::createSound                     : FMOD_NONBLOCKING specified.  Putting into queue to be opened asynchronously!
[LOG] SystemI::createSound                     : setdata soundi = 0000000067D3D858 : node = 000000004F59A3A0
[LOG] SystemI::createSound                     : add node to async list : head = 0000000015F234D8.  list count = 0
[LOG] AsyncThread::threadFunc                  : Starting Asynchronous operation on sound 0000000067D3D858
[LOG] SystemI::createSoundInternal             :     Create name='Assets\Audio\fmodproject\Build\Desktop/Master Bank.bank', mode=0x02010082
[LOG] SystemI::createSoundInternal             :     exinfo->cbsize             = 232
[LOG] SystemI::createSoundInternal             :     exinfo->length             = 2691296
[LOG] SystemI::createSoundInternal             :     exinfo->fileoffset         = 34080
[LOG] SystemI::createSoundInternal             :     exinfo->numsubsounds       = 1
[LOG] SystemI::createSoundInternal             :     exinfo->inclusionlist      = 000000004F59A4B8
[LOG] SystemI::createSoundInternal             :     exinfo->inclusionlistnum   = 1
[LOG] SystemI::createSoundInternal             :     exinfo->suggestedsoundtype = 5
[LOG] SystemI::createSoundInternal             :     exinfo->initialseekpostype = 1
[LOG] SystemI::createSoundInternal             :     Stream 0/1: name='SpeedLoop1', format=2, channels=2, frequency=48000, lengthbytes=236064, lengthpcm=683110, pcmblocksize=0, loopstart=0, loopend=682665, mode=0x00000000, channelmask=0x00000000, channelorder=0, peakvolume=0.999969.
[LOG] AsyncThread::threadFunc                  : Finished Asynchronous operation on sound 0000000067D3D858
[LOG] SoundI::getSubSound                      : sound 0000000067D3D858.  Subsound index 0 / 1
[LOG] SoundI::getSubSound                      : starting non blocking seek and setting sound to not ready state
[LOG] SoundI::getSubSound                      : finished preparing nonblocking getSubSound seek
[LOG] AsyncThread::threadFunc                  : Starting Asynchronous operation on sound 000000004F67D468
[LOG] AsyncThread::threadFunc                  :     done setposition
[LOG] AsyncThread::threadFunc                  :     done flush
[LOG] AsyncThread::threadFunc                  : Finished Asynchronous operation on sound 000000004F67D468
[LOG] SoundI::release                          : SpeedLoop1 (0000000067D3D858)
[LOG] SoundI::release                          :     SpeedLoop1 (0000000015F24088)
[LOG] SoundI::release                          :     SpeedLoop1 (000000004F67D468)
[LOG] SoundI::release                          :  (000000004F175838)
[LOG] SoundI::release                          :     AggressiveChords (0000000015F23D48)
[LOG] SoundI::release                          :  (000000004F175278)
[LOG] SoundI::release                          :     JumpFail1 (0000000071630BB8)
[LOG] SoundI::release                          :  (000000004F175108)
[LOG] SoundI::release                          :     JumpFail2 (0000000071630D58)
[LOG] SoundI::release                          :  (000000004F1756C8)
[LOG] SoundI::release                          :     JumpFail3 (00000000716301F8)
[LOG] SoundI::release                          :  (000000004F175558)
[LOG] SoundI::release                          :     JumpFail4 (0000000071630A18)
[LOG] SoundI::release                          :  (0000000071C86E88)
[LOG] SoundI::release                          :     Jump1 (0000000071630EF8)
[LOG] SoundI::release                          :  (000000004F175B18)
[LOG] SoundI::release                          :     AngryCat1 (00000000716306D8)
[LOG] SoundI::release                          :  (000000004F1759A8)
[LOG] SoundI::release                          :     AngryCat2 (0000000071630538)
[LOG] SoundI::release                          :  (000000004F175C88)
[LOG] SoundI::release                          :     AngryCat3 (0000000071630398)
[LOG] SoundI::release                          :  (0000000071C875B8)
[LOG] SoundI::release                          :     SpeedIntro (0000000071630878)
[LOG] Thread::callback                         : FMOD Studio update thread finished.
[LOG] Thread::callback                         : FMOD Studio bank load thread finished.
[LOG] Thread::callback                         : FMOD Studio sample load thread finished.
[LOG] LiveUpdate::release                      : 
[LOG] LiveUpdate::reset                        : Reset connection (reason Disconnected)
[LOG] Thread::callback                         : FMOD stream thread finished.
[LOG] Thread::callback                         : FMOD mixer thread finished.
[LOG] SystemI::close                           : Closed.
