[LOG] System::create                           : Header version = 1.10.04. Current version = 1.10.04.
[LOG] SystemI::setOutputInternal               : Setting output to 'FMOD WASAPI Output'
[LOG] Manager::init                            : maxchannels = 1024 studioflags = 00000009 flags 00000000 extradriverdata 0000000000000000.
[LOG] SystemI::init                            : Initialize version=11004 (93853), maxchannels=1024, flags=0x00030000
[LOG] OutputWASAPI::init                       : Mix Format (WAVEFORMATEX): wFormatTag=0xFFFE, nChannels=2, nSamplesPerSec=44100, nAvgBytesPerSec=352800, nBlockAlign=8, wBitsPerSample=32, cbSize=22.
[LOG] OutputWASAPI::init                       : Mix Format (WAVEFORMATEXTENSIBLE): wValidBitsPerSample=32, dwChannelMask=0x00000003, SubFormat=00000003-0000-0010-8000-00AA00389B71.
[LOG] OutputWASAPI::init                       : Output buffer size: 3760 samples, latency: 11.61ms, period: 10.00ms, DSP buffer: 1024 * 4
[WRN] SystemI::init                            : Output requires a sample rate of 44100Hz, resampling will occur.
[LOG] Thread::initThread                       : Init FMOD stream thread. Priority: 2, Stack Size: 65536, Semaphore: No, Sleep Time: 10, Looping: Yes.
[LOG] SystemI::DSPCodecPoolRegister            : register codec pool for pool type 5
[LOG] Thread::initThread                       : Init FMOD mixer thread. Priority: 3, Stack Size: 49152, Semaphore: No, Sleep Time: 0, Looping: Yes.
[LOG] AsyncManager::init                       : manager 000000003A69FFE8 isAsync 1 updatePeriod 0.02
[LOG] Thread::initThread                       : Init FMOD Studio update thread. Priority: 0, Stack Size: 65536, Semaphore: No, Sleep Time: 1, Looping: No.
[LOG] AsyncManager::init                       : done
[LOG] PlaybackSystem::init                     : 
[LOG] Thread::initThread                       : Init FMOD Studio sample load thread. Priority: 0, Stack Size: 65536, Semaphore: No, Sleep Time: 1, Looping: No.
[LOG] PlaybackSystem::init                     : done
[LOG] LiveUpdate::init                         : 
[LOG] Thread::initThread                       : Init FMOD Studio bank load thread. Priority: 0, Stack Size: 65536, Semaphore: No, Sleep Time: 1, Looping: No.
[LOG] Manager::init                            : done.
[LOG] Profile::init                            : Profiler listening on port: 9264
[LOG] Manager::readBank                        : fileversion = 100, compatVersion = 99 (oldest = 44, newest = 100)
[LOG] Manager::readBank                        : fileversion = 100, compatVersion = 99 (oldest = 44, newest = 100)
[LOG] PlaybackSystem::acquireMasterBus         : Setting master channel group format to 6
[LOG] SystemI::createSoundInternal             : Create name='', mode=0x02000202
[LOG] SystemI::createSoundInternal             : exinfo->cbsize             = 232
[LOG] SystemI::createSoundInternal             : exinfo->length             = 2683616
[LOG] SystemI::createSoundInternal             : exinfo->fileoffset         = 31072
[LOG] SystemI::createSoundInternal             : exinfo->numsubsounds       = 1
[LOG] SystemI::createSoundInternal             : exinfo->inclusionlist      = 0000000035BBF5FC
[LOG] SystemI::createSoundInternal             : exinfo->inclusionlistnum   = 1
[LOG] SystemI::createSoundInternal             : exinfo->suggestedsoundtype = 5
[LOG] SystemI::createSoundInternal             : exinfo->useropen           = 000007FEE73BE310
[LOG] SystemI::createSoundInternal             : exinfo->userclose          = 000007FEE73BE2E0
[LOG] SystemI::createSoundInternal             : exinfo->userread           = 000007FEE73BE3E0
[LOG] SystemI::createSoundInternal             : exinfo->userseek           = 000007FEE73BE490
[LOG] SystemI::createSoundInternal             : exinfo->fileuserdata       = 000000003A170498
[LOG] SystemI::createSoundInternal             : exinfo->initialseekpostype = 1
[LOG] SystemI::DSPCodecPoolRegister            : register codec pool for pool type 5
[LOG] SystemI::createSoundInternal             : Sample 0/1: name='SpeedIntro', format=2, channels=2, frequency=48000, lengthbytes=126496, lengthpcm=341999, pcmblocksize=0, loopstart=0, loopend=341332, mode=0x00000000, channelmask=0x00000000, channelorder=0, peakvolume=0.999969.
[LOG] SystemI::createSoundInternal             : Create name='', mode=0x02000202
[LOG] SystemI::createSoundInternal             : exinfo->cbsize             = 232
[LOG] SystemI::createSoundInternal             : exinfo->length             = 2683616
[LOG] SystemI::createSoundInternal             : exinfo->fileoffset         = 31072
[LOG] SystemI::createSoundInternal             : exinfo->numsubsounds       = 1
[LOG] SystemI::createSoundInternal             : exinfo->inclusionlist      = 0000000035BBF5FC
[LOG] SystemI::createSoundInternal             : exinfo->inclusionlistnum   = 1
[LOG] SystemI::createSoundInternal             : exinfo->suggestedsoundtype = 5
[LOG] SystemI::createSoundInternal             : exinfo->useropen           = 000007FEE73BE310
[LOG] SystemI::createSoundInternal             : exinfo->userclose          = 000007FEE73BE2E0
[LOG] SystemI::createSoundInternal             : exinfo->userread           = 000007FEE73BE3E0
[LOG] SystemI::createSoundInternal             : exinfo->userseek           = 000007FEE73BE490
[LOG] SystemI::createSoundInternal             : exinfo->fileuserdata       = 000000003A4363C8
[LOG] SystemI::createSoundInternal             : exinfo->initialseekpostype = 1
[LOG] SystemI::DSPCodecPoolRegister            : register codec pool for pool type 5
[LOG] SystemI::createSoundInternal             : Sample 0/1: name='JumpFail3', format=2, channels=2, frequency=48000, lengthbytes=5344, lengthpcm=27922, pcmblocksize=0, loopstart=0, loopend=27690, mode=0x00000000, channelmask=0x00000000, channelorder=0, peakvolume=0.135773.
[LOG] SystemI::createSoundInternal             : Create name='', mode=0x02000202
[LOG] SystemI::createSoundInternal             : exinfo->cbsize             = 232
[LOG] SystemI::createSoundInternal             : exinfo->length             = 2683616
[LOG] SystemI::createSoundInternal             : exinfo->fileoffset         = 31072
[LOG] SystemI::createSoundInternal             : exinfo->numsubsounds       = 1
[LOG] SystemI::createSoundInternal             : exinfo->inclusionlist      = 0000000035BBF5FC
[LOG] SystemI::createSoundInternal             : exinfo->inclusionlistnum   = 1
[LOG] SystemI::createSoundInternal             : exinfo->suggestedsoundtype = 5
[LOG] SystemI::createSoundInternal             : exinfo->useropen           = 000007FEE73BE310
[LOG] SystemI::createSoundInternal             : exinfo->userclose          = 000007FEE73BE2E0
[LOG] SystemI::createSoundInternal             : exinfo->userread           = 000007FEE73BE3E0
[LOG] SystemI::createSoundInternal             : exinfo->userseek           = 000007FEE73BE490
[LOG] SystemI::createSoundInternal             : exinfo->fileuserdata       = 000000003A4363C8
[LOG] SystemI::createSoundInternal             : exinfo->initialseekpostype = 1
[LOG] SystemI::DSPCodecPoolRegister            : register codec pool for pool type 5
[LOG] SystemI::createSoundInternal             : Sample 0/1: name='JumpFail4', format=2, channels=2, frequency=48000, lengthbytes=2592, lengthpcm=11307, pcmblocksize=0, loopstart=0, loopend=11075, mode=0x00000000, channelmask=0x00000000, channelorder=0, peakvolume=0.274261.
[LOG] SystemI::createSoundInternal             : Create name='', mode=0x02000202
[LOG] SystemI::createSoundInternal             : exinfo->cbsize             = 232
[LOG] SystemI::createSoundInternal             : exinfo->length             = 2683616
[LOG] SystemI::createSoundInternal             : exinfo->fileoffset         = 31072
[LOG] SystemI::createSoundInternal             : exinfo->numsubsounds       = 1
[LOG] SystemI::createSoundInternal             : exinfo->inclusionlist      = 0000000035BBF5FC
[LOG] SystemI::createSoundInternal             : exinfo->inclusionlistnum   = 1
[LOG] SystemI::createSoundInternal             : exinfo->suggestedsoundtype = 5
[LOG] SystemI::createSoundInternal             : exinfo->useropen           = 000007FEE73BE310
[LOG] SystemI::createSoundInternal             : exinfo->userclose          = 000007FEE73BE2E0
[LOG] SystemI::createSoundInternal             : exinfo->userread           = 000007FEE73BE3E0
[LOG] SystemI::createSoundInternal             : exinfo->userseek           = 000007FEE73BE490
[LOG] SystemI::createSoundInternal             : exinfo->fileuserdata       = 000000003A4363C8
[LOG] SystemI::createSoundInternal             : exinfo->initialseekpostype = 1
[LOG] SystemI::DSPCodecPoolRegister            : register codec pool for pool type 5
[LOG] SystemI::createSoundInternal             : Sample 0/1: name='JumpFail1', format=2, channels=2, frequency=48000, lengthbytes=3584, lengthpcm=16845, pcmblocksize=0, loopstart=0, loopend=16613, mode=0x00000000, channelmask=0x00000000, channelorder=0, peakvolume=0.242920.
[LOG] SystemI::createSoundInternal             : Create name='', mode=0x02000202
[LOG] SystemI::createSoundInternal             : exinfo->cbsize             = 232
[LOG] SystemI::createSoundInternal             : exinfo->length             = 2683616
[LOG] SystemI::createSoundInternal             : exinfo->fileoffset         = 31072
[LOG] SystemI::createSoundInternal             : exinfo->numsubsounds       = 1
[LOG] SystemI::createSoundInternal             : exinfo->inclusionlist      = 0000000035BBF5FC
[LOG] SystemI::createSoundInternal             : exinfo->inclusionlistnum   = 1
[LOG] SystemI::createSoundInternal             : exinfo->suggestedsoundtype = 5
[LOG] SystemI::createSoundInternal             : exinfo->useropen           = 000007FEE73BE310
[LOG] SystemI::createSoundInternal             : exinfo->userclose          = 000007FEE73BE2E0
[LOG] SystemI::createSoundInternal             : exinfo->userread           = 000007FEE73BE3E0
[LOG] SystemI::createSoundInternal             : exinfo->userseek           = 000007FEE73BE490
[LOG] SystemI::createSoundInternal             : exinfo->fileuserdata       = 000000003A4363C8
[LOG] SystemI::createSoundInternal             : exinfo->initialseekpostype = 1
[LOG] SystemI::DSPCodecPoolRegister            : register codec pool for pool type 5
[LOG] SystemI::createSoundInternal             : Sample 0/1: name='JumpFail2', format=2, channels=2, frequency=48000, lengthbytes=4320, lengthpcm=22384, pcmblocksize=0, loopstart=0, loopend=22152, mode=0x00000000, channelmask=0x00000000, channelorder=0, peakvolume=0.126099.
[LOG] SystemI::createSoundInternal             : Create name='', mode=0x02000202
[LOG] SystemI::createSoundInternal             : exinfo->cbsize             = 232
[LOG] SystemI::createSoundInternal             : exinfo->length             = 2683616
[LOG] SystemI::createSoundInternal             : exinfo->fileoffset         = 31072
[LOG] SystemI::createSoundInternal             : exinfo->numsubsounds       = 1
[LOG] SystemI::createSoundInternal             : exinfo->inclusionlist      = 0000000035BBF5FC
[LOG] SystemI::createSoundInternal             : exinfo->inclusionlistnum   = 1
[LOG] SystemI::createSoundInternal             : exinfo->suggestedsoundtype = 5
[LOG] SystemI::createSoundInternal             : exinfo->useropen           = 000007FEE73BE310
[LOG] SystemI::createSoundInternal             : exinfo->userclose          = 000007FEE73BE2E0
[LOG] SystemI::createSoundInternal             : exinfo->userread           = 000007FEE73BE3E0
[LOG] SystemI::createSoundInternal             : exinfo->userseek           = 000007FEE73BE490
[LOG] SystemI::createSoundInternal             : exinfo->fileuserdata       = 000000003A4363C8
[LOG] SystemI::createSoundInternal             : exinfo->initialseekpostype = 1
[LOG] SystemI::DSPCodecPoolRegister            : register codec pool for pool type 5
[LOG] SystemI::createSoundInternal             : Sample 0/1: name='Jump1', format=2, channels=2, frequency=48000, lengthbytes=7328, lengthpcm=27922, pcmblocksize=0, loopstart=0, loopend=27690, mode=0x00000000, channelmask=0x00000000, channelorder=0, peakvolume=0.596649.
[LOG] SystemI::createSound                     : filename = Assets\Audio\fmodproject\Build\Desktop/Master Bank.bank : mode 02010082
[LOG] SystemI::createSound                     : FMOD_NONBLOCKING specified.  Putting into queue to be opened asynchronously!
[LOG] Thread::initThread                       : Init FMOD nonblocking thread (0). Priority: 1, Stack Size: 81920, Semaphore: Yes, Sleep Time: 0, Looping: Yes.
[LOG] SystemI::createSound                     : setdata soundi = 000000003A54A298 : node = 00000000169ACAE0
[LOG] SystemI::createSound                     : add node to async list : head = 000000005245A0A8.  list count = 0
[LOG] AsyncThread::threadFunc                  : Starting Asynchronous operation on sound 000000003A54A298
[LOG] SystemI::createSoundInternal             :     Create name='Assets\Audio\fmodproject\Build\Desktop/Master Bank.bank', mode=0x02010082
[LOG] SystemI::createSoundInternal             :     exinfo->cbsize             = 232
[LOG] SystemI::createSoundInternal             :     exinfo->length             = 2683616
[LOG] SystemI::createSoundInternal             :     exinfo->fileoffset         = 31072
[LOG] SystemI::createSoundInternal             :     exinfo->numsubsounds       = 1
[LOG] SystemI::createSoundInternal             :     exinfo->inclusionlist      = 00000000169ACBF8
[LOG] SystemI::createSoundInternal             :     exinfo->inclusionlistnum   = 1
[LOG] SystemI::createSoundInternal             :     exinfo->suggestedsoundtype = 5
[LOG] SystemI::createSoundInternal             :     exinfo->initialseekpostype = 1
[LOG] SystemI::createSoundInternal             :     Stream 0/1: name='SpeedLoop1', format=2, channels=2, frequency=48000, lengthbytes=236064, lengthpcm=683110, pcmblocksize=0, loopstart=0, loopend=682665, mode=0x00000000, channelmask=0x00000000, channelorder=0, peakvolume=0.999969.
[LOG] Thread::initThread                       :     Init FMOD file thread. Priority: 1, Stack Size: 16384, Semaphore: No, Sleep Time: 10, Looping: Yes.
[LOG] AsyncThread::threadFunc                  : Finished Asynchronous operation on sound 000000003A54A298
[LOG] SoundI::getSubSound                      : sound 000000003A54A298.  Subsound index 0 / 1
[LOG] SoundI::getSubSound                      : starting non blocking seek and setting sound to not ready state
[LOG] AsyncThread::threadFunc                  : Starting Asynchronous operation on sound 000000003A54A7A8
[LOG] AsyncThread::threadFunc                  :     done setposition
[LOG] SoundI::getSubSound                      :     finished preparing nonblocking getSubSound seek
[LOG] AsyncThread::threadFunc                  :     done flush
[LOG] AsyncThread::threadFunc                  : Finished Asynchronous operation on sound 000000003A54A7A8
[LOG] SystemI::createSoundInternal             : Create name='', mode=0x02000202
[LOG] SystemI::createSoundInternal             : exinfo->cbsize             = 232
[LOG] SystemI::createSoundInternal             : exinfo->length             = 2683616
[LOG] SystemI::createSoundInternal             : exinfo->fileoffset         = 31072
[LOG] SystemI::createSoundInternal             : exinfo->numsubsounds       = 1
[LOG] SystemI::createSoundInternal             : exinfo->inclusionlist      = 0000000035BBF5FC
[LOG] SystemI::createSoundInternal             : exinfo->inclusionlistnum   = 1
[LOG] SystemI::createSoundInternal             : exinfo->suggestedsoundtype = 5
[LOG] SystemI::createSoundInternal             : exinfo->useropen           = 000007FEE73BE310
[LOG] SystemI::createSoundInternal             : exinfo->userclose          = 000007FEE73BE2E0
[LOG] SystemI::createSoundInternal             : exinfo->userread           = 000007FEE73BE3E0
[LOG] SystemI::createSoundInternal             : exinfo->userseek           = 000007FEE73BE490
[LOG] SystemI::createSoundInternal             : exinfo->fileuserdata       = 000000003A16D018
[LOG] SystemI::createSoundInternal             : exinfo->initialseekpostype = 1
[LOG] SystemI::DSPCodecPoolRegister            : register codec pool for pool type 5
[LOG] SystemI::createSoundInternal             : Sample 0/1: name='crunch1', format=2, channels=2, frequency=48000, lengthbytes=9664, lengthpcm=27691, pcmblocksize=0, loopstart=0, loopend=0, mode=0x00000000, channelmask=0x00000000, channelorder=0, peakvolume=0.204102.
[LOG] SystemI::createSoundInternal             : Create name='', mode=0x02000202
[LOG] SystemI::createSoundInternal             : exinfo->cbsize             = 232
[LOG] SystemI::createSoundInternal             : exinfo->length             = 2683616
[LOG] SystemI::createSoundInternal             : exinfo->fileoffset         = 31072
[LOG] SystemI::createSoundInternal             : exinfo->numsubsounds       = 1
[LOG] SystemI::createSoundInternal             : exinfo->inclusionlist      = 0000000035BBF5FC
[LOG] SystemI::createSoundInternal             : exinfo->inclusionlistnum   = 1
[LOG] SystemI::createSoundInternal             : exinfo->suggestedsoundtype = 5
[LOG] SystemI::createSoundInternal             : exinfo->useropen           = 000007FEE73BE310
[LOG] SystemI::createSoundInternal             : exinfo->userclose          = 000007FEE73BE2E0
[LOG] SystemI::createSoundInternal             : exinfo->userread           = 000007FEE73BE3E0
[LOG] SystemI::createSoundInternal             : exinfo->userseek           = 000007FEE73BE490
[LOG] SystemI::createSoundInternal             : exinfo->fileuserdata       = 000000003A16A688
[LOG] SystemI::createSoundInternal             : exinfo->initialseekpostype = 1
[LOG] SystemI::DSPCodecPoolRegister            : register codec pool for pool type 5
[LOG] SystemI::createSoundInternal             : Sample 0/1: name='AngryCat1', format=2, channels=2, frequency=48000, lengthbytes=9600, lengthpcm=39461, pcmblocksize=0, loopstart=0, loopend=38768, mode=0x00000000, channelmask=0x00000000, channelorder=0, peakvolume=0.999969.
[LOG] SystemI::createSoundInternal             : Create name='', mode=0x02000202
[LOG] SystemI::createSoundInternal             : exinfo->cbsize             = 232
[LOG] SystemI::createSoundInternal             : exinfo->length             = 2683616
[LOG] SystemI::createSoundInternal             : exinfo->fileoffset         = 31072
[LOG] SystemI::createSoundInternal             : exinfo->numsubsounds       = 1
[LOG] SystemI::createSoundInternal             : exinfo->inclusionlist      = 0000000035BBF5FC
[LOG] SystemI::createSoundInternal             : exinfo->inclusionlistnum   = 1
[LOG] SystemI::createSoundInternal             : exinfo->suggestedsoundtype = 5
[LOG] SystemI::createSoundInternal             : exinfo->useropen           = 000007FEE73BE310
[LOG] SystemI::createSoundInternal             : exinfo->userclose          = 000007FEE73BE2E0
[LOG] SystemI::createSoundInternal             : exinfo->userread           = 000007FEE73BE3E0
[LOG] SystemI::createSoundInternal             : exinfo->userseek           = 000007FEE73BE490
[LOG] SystemI::createSoundInternal             : exinfo->fileuserdata       = 000000003A16A688
[LOG] SystemI::createSoundInternal             : exinfo->initialseekpostype = 1
[LOG] SystemI::DSPCodecPoolRegister            : register codec pool for pool type 5
[LOG] SystemI::createSoundInternal             : Sample 0/1: name='AngryCat3', format=2, channels=2, frequency=48000, lengthbytes=8096, lengthpcm=33923, pcmblocksize=0, loopstart=0, loopend=33230, mode=0x00000000, channelmask=0x00000000, channelorder=0, peakvolume=0.870667.
[LOG] SystemI::createSoundInternal             : Create name='', mode=0x02000202
[LOG] SystemI::createSoundInternal             : exinfo->cbsize             = 232
[LOG] SystemI::createSoundInternal             : exinfo->length             = 2683616
[LOG] SystemI::createSoundInternal             : exinfo->fileoffset         = 31072
[LOG] SystemI::createSoundInternal             : exinfo->numsubsounds       = 1
[LOG] SystemI::createSoundInternal             : exinfo->inclusionlist      = 0000000035BBF5FC
[LOG] SystemI::createSoundInternal             : exinfo->inclusionlistnum   = 1
[LOG] SystemI::createSoundInternal             : exinfo->suggestedsoundtype = 5
[LOG] SystemI::createSoundInternal             : exinfo->useropen           = 000007FEE73BE310
[LOG] SystemI::createSoundInternal             : exinfo->userclose          = 000007FEE73BE2E0
[LOG] SystemI::createSoundInternal             : exinfo->userread           = 000007FEE73BE3E0
[LOG] SystemI::createSoundInternal             : exinfo->userseek           = 000007FEE73BE490
[LOG] SystemI::createSoundInternal             : exinfo->fileuserdata       = 000000003A16A688
[LOG] SystemI::createSoundInternal             : exinfo->initialseekpostype = 1
[LOG] SystemI::DSPCodecPoolRegister            : register codec pool for pool type 5
[LOG] SystemI::createSoundInternal             : Sample 0/1: name='AngryCat2', format=2, channels=2, frequency=48000, lengthbytes=10880, lengthpcm=45000, pcmblocksize=0, loopstart=0, loopend=44307, mode=0x00000000, channelmask=0x00000000, channelorder=0, peakvolume=0.852417.
[LOG] SystemI::createSound                     : filename = Assets\Audio\fmodproject\Build\Desktop/Master Bank.bank : mode 02010082
[LOG] SystemI::createSound                     : FMOD_NONBLOCKING specified.  Putting into queue to be opened asynchronously!
[LOG] SystemI::createSound                     : setdata soundi = 000000003A54AB08 : node = 000000003AD32F60
[LOG] SystemI::createSound                     : add node to async list : head = 000000005245A0A8.  list count = 0
[LOG] AsyncThread::threadFunc                  : Starting Asynchronous operation on sound 000000003A54AB08
[LOG] SystemI::createSoundInternal             :     Create name='Assets\Audio\fmodproject\Build\Desktop/Master Bank.bank', mode=0x02010082
[LOG] SystemI::createSoundInternal             :     exinfo->cbsize             = 232
[LOG] SystemI::createSoundInternal             :     exinfo->length             = 2683616
[LOG] SystemI::createSoundInternal             :     exinfo->fileoffset         = 31072
[LOG] SystemI::createSoundInternal             :     exinfo->numsubsounds       = 1
[LOG] SystemI::createSoundInternal             :     exinfo->inclusionlist      = 000000003AD33078
[LOG] SystemI::createSoundInternal             :     exinfo->inclusionlistnum   = 1
[LOG] SystemI::createSoundInternal             :     exinfo->suggestedsoundtype = 5
[LOG] SystemI::createSoundInternal             :     exinfo->initialseekposition = 3
[LOG] SystemI::createSoundInternal             :     exinfo->initialseekpostype = 1
[LOG] SystemI::createSoundInternal             :     Stream 0/1: name='SpeedLoop2', format=2, channels=2, frequency=48000, lengthbytes=245088, lengthpcm=682666, pcmblocksize=0, loopstart=0, loopend=0, mode=0x00000000, channelmask=0x00000000, channelorder=0, peakvolume=0.999969.
[LOG] AsyncThread::threadFunc                  : Finished Asynchronous operation on sound 000000003A54AB08
[LOG] SoundI::getSubSound                      : sound 000000003A54AB08.  Subsound index 0 / 1
[LOG] SoundI::release                          : SpeedLoop1 (000000003A54A298)
[LOG] SoundI::release                          :     SpeedLoop1 (000000005245A0F8)
[LOG] SoundI::release                          :     SpeedLoop1 (000000003A54A7A8)
[LOG] SystemI::mixerSuspend                    : Suspending output.
[LOG] SystemI::mixerResume                     : Resuming output.
[LOG] AsyncThread::threadFunc                  : Starting Asynchronous operation on sound 000000003A6E7C78
[LOG] AsyncThread::threadFunc                  : Finished Asynchronous operation on sound 000000003A6E7C78
[LOG] SystemI::mixerSuspend                    : Suspending output.
[LOG] SystemI::mixerResume                     : Resuming output.
[LOG] AsyncThread::threadFunc                  : Starting Asynchronous operation on sound 000000003A6E7C78
[LOG] AsyncThread::threadFunc                  : Finished Asynchronous operation on sound 000000003A6E7C78
[LOG] SystemI::createSound                     : filename = Assets\Audio\fmodproject\Build\Desktop/Master Bank.bank : mode 02010082
[LOG] SystemI::createSound                     : FMOD_NONBLOCKING specified.  Putting into queue to be opened asynchronously!
[LOG] SystemI::createSound                     : setdata soundi = 000000003A54A298 : node = 000000003AD33200
[LOG] SystemI::createSound                     : add node to async list : head = 000000005245A0A8.  list count = 0
[LOG] AsyncThread::threadFunc                  : Starting Asynchronous operation on sound 000000003A54A298
[LOG] SystemI::createSoundInternal             :     Create name='Assets\Audio\fmodproject\Build\Desktop/Master Bank.bank', mode=0x02010082
[LOG] SystemI::createSoundInternal             :     exinfo->cbsize             = 232
[LOG] SystemI::createSoundInternal             :     exinfo->length             = 2683616
[LOG] SystemI::createSoundInternal             :     exinfo->fileoffset         = 31072
[LOG] SystemI::createSoundInternal             :     exinfo->numsubsounds       = 1
[LOG] SystemI::createSoundInternal             :     exinfo->inclusionlist      = 000000003AD33318
[LOG] SystemI::createSoundInternal             :     exinfo->inclusionlistnum   = 1
[LOG] SystemI::createSoundInternal             :     exinfo->suggestedsoundtype = 5
[LOG] SystemI::createSoundInternal             :     exinfo->initialseekposition = 3
[LOG] SystemI::createSoundInternal             :     exinfo->initialseekpostype = 1
[LOG] SystemI::createSoundInternal             :     Stream 0/1: name='SpeedLoop2', format=2, channels=2, frequency=48000, lengthbytes=245088, lengthpcm=682666, pcmblocksize=0, loopstart=0, loopend=0, mode=0x00000000, channelmask=0x00000000, channelorder=0, peakvolume=0.999969.
[LOG] AsyncThread::threadFunc                  : Finished Asynchronous operation on sound 000000003A54A298
[LOG] SoundI::getSubSound                      : sound 000000003A54A298.  Subsound index 0 / 1
[LOG] SoundI::release                          : SpeedLoop2 (000000003A54AB08)
[LOG] SoundI::release                          :     SpeedLoop2 (000000005245A918)
[LOG] SoundI::release                          :     SpeedLoop2 (000000003A6E7C78)
[LOG] SoundI::release                          : SpeedLoop2 (000000003A54A298)
[LOG] SoundI::release                          :     SpeedLoop2 (000000005245A0F8)
[LOG] SoundI::release                          :     SpeedLoop2 (000000003A54A7A8)
[LOG] SoundI::release                          :  (000000005245AEF8)
[LOG] SoundI::release                          :     crunch1 (000000005245A298)
[LOG] SoundI::release                          :  (000000005245B068)
[LOG] SoundI::release                          :     AngryCat1 (000000005245A438)
[LOG] SoundI::release                          :  (000000005245B348)
[LOG] SoundI::release                          :     AngryCat2 (000000005245A778)
[LOG] SoundI::release                          :  (000000005245B1D8)
[LOG] SoundI::release                          :     AngryCat3 (000000005245A5D8)
[LOG] SoundI::release                          :  (00000000167D6548)
[LOG] SoundI::release                          :     JumpFail1 (000000001669C9C8)
[LOG] SoundI::release                          :  (000000005245AC18)
[LOG] SoundI::release                          :     JumpFail2 (0000000052459C18)
[LOG] SoundI::release                          :  (000000003A399FA8)
[LOG] SoundI::release                          :     JumpFail3 (000000001669C688)
[LOG] SoundI::release                          :  (0000000037BBCF78)
[LOG] SoundI::release                          :     JumpFail4 (000000001669C828)
[LOG] SoundI::release                          :  (000000005245AD88)
[LOG] SoundI::release                          :     Jump1 (0000000052459DB8)
[LOG] SoundI::release                          :  (000000003A8B7298)
[LOG] SoundI::release                          :     SpeedIntro (000000001669C348)
[LOG] Thread::callback                         : FMOD Studio update thread finished.
[LOG] Thread::callback                         : FMOD Studio bank load thread finished.
[LOG] Profile::disconnectAll                   : Profiler disconnecting all clients
[LOG] Thread::callback                         : FMOD Studio sample load thread finished.
[LOG] LiveUpdate::release                      : 
[LOG] LiveUpdate::reset                        : Reset connection (reason Disconnected)
[LOG] Thread::callback                         : FMOD stream thread finished.
[LOG] Thread::callback                         : FMOD mixer thread finished.
[LOG] Profile::disconnectAll                   : Profiler disconnecting all clients
[LOG] Thread::callback                         : FMOD nonblocking thread (0) finished.
[LOG] Thread::callback                         : FMOD file thread finished.
[LOG] SystemI::close                           : Closed.
